<?xml version="1.0" encoding="UTF-8"?>
<testng-results ignored="0" total="1" passed="1" failed="0" skipped="0">
  <reporter-output>
  </reporter-output>
  <suite started-at="2023-07-22T19:10:42 IST" name="Surefire suite" finished-at="2023-07-22T19:10:46 IST" duration-ms="3582">
    <groups>
    </groups>
    <test started-at="2023-07-22T19:10:42 IST" name="Surefire test" finished-at="2023-07-22T19:10:46 IST" duration-ms="3582">
      <class name="com.fbs.seleniumpractice.ExampleTest">
        <test-method signature="test()[pri:0, instance:com.fbs.seleniumpractice.ExampleTest@43301423]" started-at="2023-07-22T19:10:43 IST" name="test" finished-at="2023-07-22T19:10:46 IST" duration-ms="3538" status="PASS">
          <reporter-output>
          </reporter-output>
        </test-method> <!-- test -->
      </class> <!-- com.fbs.seleniumpractice.ExampleTest -->
    </test> <!-- Surefire test -->
  </suite> <!-- Surefire suite -->
</testng-results>
